2024-06-03T14:46:26  test: add edge case
2024-07-11T09:03:33  refactor: tidy internals
2024-08-01T16:20:40  fix: handle empty input gracefully
2024-08-16T11:37:47  perf: micro-optimization
2024-09-06T18:54:54  style: formatting
2024-10-15T13:11:01  chore: bump dev tooling
2024-11-05T08:28:08  docs: expand examples
2024-11-20T15:45:15  test: strengthen coverage
2025-01-04T10:02:22  chore: tune defaults
2025-01-19T17:19:29  refactor: simplify helper
2025-02-09T12:36:36  chore: routine maintenance
2025-03-20T19:53:43  docs: clarify usage notes
2025-04-10T14:10:50  test: add edge case
2025-04-25T09:27:57  refactor: tidy internals
2025-05-16T16:44:04  fix: handle empty input gracefully
2025-06-24T11:01:11  perf: micro-optimization
2025-07-15T18:18:18  style: formatting
2025-08-05T13:35:25  chore: bump dev tooling
2025-08-20T08:52:32  docs: expand examples
2025-09-10T15:09:39  test: strengthen coverage
2025-10-19T10:26:46  chore: tune defaults
2025-11-09T17:43:53  refactor: simplify helper
2025-11-24T12:00:00  chore: routine maintenance
2025-12-15T19:17:07  docs: clarify usage notes
2026-01-23T14:34:14  test: add edge case
2026-02-13T09:51:21  refactor: tidy internals
2026-02-28T16:08:28  fix: handle empty input gracefully
2026-04-14T11:25:35  perf: micro-optimization
2026-04-29T18:42:42  style: formatting
2026-05-20T13:59:49  chore: bump dev tooling
2024-09-16T14:46:26  chore: one does not simply skip CI
2024-10-24T09:03:33  docs: standing on the shoulders of giants (garak, sigma, trufflehog)
2025-02-10T16:20:40  chore: tip of the hat to Thinkst, Bellingcat, and SigmaHQ
2025-03-21T11:37:47  fix: works on my machine (TM)
2025-07-08T18:54:54  chore: in case of fire — commit, push, leave building
2025-11-11T13:11:01  docs: ELI5 pass
2026-02-28T08:28:08  refactor: future me will understand this
2026-04-08T15:45:15  test: it's not flaky, you're flaky
2024-06-05T14:26:46  feat(config): document the config keys
2024-06-28T09:43:53  docs(scan): bump the dev toolchain
2024-07-22T16:00:00  docs: expand examples
2024-07-29T11:17:07  ci(io): add usage examples to help
2024-08-21T18:34:14  feat(deps): pin the test dependencies
2024-09-15T13:51:21  docs(scoring): dedupe overlapping findings
2024-09-21T08:08:28  perf(rules): clarify the README quickstart
2024-10-14T15:25:35  feat: with great power comes great test coverage
